[debug] [2023-08-24T21:29:46.982Z] ----------------------------------------------------------------------
[debug] [2023-08-24T21:29:46.985Z] Command:       C:\Program Files\nodejs\node.exe C:\Users\braya\AppData\Roaming\npm\node_modules\firebase-tools\lib\bin\firebase.js init
[debug] [2023-08-24T21:29:46.985Z] CLI Version:   12.5.2
[debug] [2023-08-24T21:29:46.985Z] Platform:      win32
[debug] [2023-08-24T21:29:46.986Z] Node Version:  v18.16.0
[debug] [2023-08-24T21:29:46.987Z] Time:          Thu Aug 24 2023 15:29:46 GMT-0600 (hora estándar central)
[debug] [2023-08-24T21:29:46.987Z] ----------------------------------------------------------------------
[debug] 
[debug] [2023-08-24T21:29:47.000Z] > command requires scopes: ["email","openid","https://www.googleapis.com/auth/cloudplatformprojects.readonly","https://www.googleapis.com/auth/firebase","https://www.googleapis.com/auth/cloud-platform"]
[debug] [2023-08-24T21:29:47.000Z] > authorizing via signed-in user (brayandaniel993@gmail.com)
[info] 
     ######## #### ########  ######## ########     ###     ######  ########
     ##        ##  ##     ## ##       ##     ##  ##   ##  ##       ##
     ######    ##  ########  ######   ########  #########  ######  ######
     ##        ##  ##    ##  ##       ##     ## ##     ##       ## ##
     ##       #### ##     ## ######## ########  ##     ##  ######  ########

You're about to initialize a Firebase project in this directory:

  C:\Users\braya\Downloads\Calendario de actividades\client

[info] 
=== Project Setup
[info] 
[info] First, let's associate this project directory with a Firebase project.
[info] You can create multiple project aliases by running firebase use --add, 
[info] but for now we'll just set up a default project.
[info] 
[debug] [2023-08-24T21:32:00.389Z] ----------------------------------------------------------------------
[debug] [2023-08-24T21:32:00.391Z] Command:       C:\Program Files\nodejs\node.exe C:\Users\braya\AppData\Roaming\npm\node_modules\firebase-tools\lib\bin\firebase.js init
[debug] [2023-08-24T21:32:00.391Z] CLI Version:   12.5.2
[debug] [2023-08-24T21:32:00.392Z] Platform:      win32
[debug] [2023-08-24T21:32:00.392Z] Node Version:  v18.16.0
[debug] [2023-08-24T21:32:00.394Z] Time:          Thu Aug 24 2023 15:32:00 GMT-0600 (hora estándar central)
[debug] [2023-08-24T21:32:00.394Z] ----------------------------------------------------------------------
[debug] 
[debug] [2023-08-24T21:32:00.408Z] > command requires scopes: ["email","openid","https://www.googleapis.com/auth/cloudplatformprojects.readonly","https://www.googleapis.com/auth/firebase","https://www.googleapis.com/auth/cloud-platform"]
[debug] [2023-08-24T21:32:00.409Z] > authorizing via signed-in user (brayandaniel993@gmail.com)
[info] 
     ######## #### ########  ######## ########     ###     ######  ########
     ##        ##  ##     ## ##       ##     ##  ##   ##  ##       ##
     ######    ##  ########  ######   ########  #########  ######  ######
     ##        ##  ##    ##  ##       ##     ## ##     ##       ## ##
     ##       #### ##     ## ######## ########  ##     ##  ######  ########

You're about to initialize a Firebase project in this directory:

  C:\Users\braya\Downloads\Calendario de actividades\client

[info] 
=== Project Setup
[info] 
[info] First, let's associate this project directory with a Firebase project.
[info] You can create multiple project aliases by running firebase use --add, 
[info] but for now we'll just set up a default project.
[info] 
[debug] [2023-08-24T21:33:05.619Z] >>> [apiv2][query] GET https://firebase.googleapis.com/v1beta1/projects pageSize=100
[debug] [2023-08-24T21:33:06.265Z] <<< [apiv2][status] GET https://firebase.googleapis.com/v1beta1/projects 200
[debug] [2023-08-24T21:33:06.266Z] <<< [apiv2][body] GET https://firebase.googleapis.com/v1beta1/projects [omitted]
